2018-11-30 22:14:14: (server.c.1436) server started (lighttpd/1.4.51) 
2018-11-30 22:14:14: (server.c.1465) WARNING: unknown config-key: server.pid (ignored) 
2018-11-30 22:14:27: (server.c.950) [note] graceful shutdown started 
2018-11-30 22:14:27: (server.c.2029) server stopped by UID = 0 PID = 0 
2018-11-30 22:14:40: (server.c.1436) server started (lighttpd/1.4.51) 
2018-11-30 22:14:40: (server.c.1465) WARNING: unknown config-key: server.pid (ignored) 
2018-11-30 22:14:46: (server.c.950) [note] graceful shutdown started 
2018-11-30 22:14:46: (server.c.2029) server stopped by UID = 0 PID = 0 
2018-11-30 22:14:58: (server.c.1436) server started (lighttpd/1.4.51) 
2018-11-30 22:14:58: (server.c.1465) WARNING: unknown config-key: server.pid (ignored) 
2018-11-30 22:15:17: (server.c.950) [note] graceful shutdown started 
2018-11-30 22:15:17: (server.c.2029) server stopped by UID = 0 PID = 0 
2018-11-30 22:17:51: (server.c.1436) server started (lighttpd/1.4.51) 
2018-11-30 22:17:51: (server.c.1465) WARNING: unknown config-key: server.pid (ignored) 
2018-11-30 22:17:53: (server.c.950) [note] graceful shutdown started 
2018-11-30 22:17:53: (server.c.2029) server stopped by UID = 0 PID = 0 
2018-11-30 22:19:14: (server.c.1436) server started (lighttpd/1.4.51) 
2018-11-30 22:19:14: (server.c.1465) WARNING: unknown config-key: server.pid (ignored) 
2018-11-30 22:19:57: (server.c.950) [note] graceful shutdown started 
2018-11-30 22:19:57: (server.c.2029) server stopped by UID = 0 PID = 0 
2018-11-30 22:19:59: (server.c.1436) server started (lighttpd/1.4.51) 
2018-11-30 22:25:34: (server.c.950) [note] graceful shutdown started 
2018-11-30 22:25:34: (server.c.2029) server stopped by UID = 0 PID = 0 
2018-11-30 22:25:35: (server.c.1436) server started (lighttpd/1.4.51) 
2018-11-30 22:25:35: (gw_backend.c.506) bind failed for: unix:/var/run/lighttpd/lighttpd-fastcgi-php-7144.socket-0 No such file or directory 
2018-11-30 22:25:35: (gw_backend.c.1503) [ERROR]: spawning gw failed. 
2018-11-30 22:25:35: (server.c.1444) Configuration of plugins failed. Going down. 
2018-11-30 22:27:05: (server.c.1436) server started (lighttpd/1.4.51) 
2018-11-30 22:38:30: (server.c.950) [note] graceful shutdown started 
2018-11-30 22:38:30: (server.c.2029) server stopped by UID = 0 PID = 0 
2018-11-30 22:38:31: (server.c.1436) server started (lighttpd/1.4.51) 
2018-11-30 22:40:09: (server.c.950) [note] graceful shutdown started 
2018-11-30 22:40:09: (server.c.2029) server stopped by UID = 0 PID = 0 
2018-11-30 22:40:11: (server.c.1436) server started (lighttpd/1.4.51) 
2018-11-30 22:41:25: (server.c.950) [note] graceful shutdown started 
2018-11-30 22:41:25: (server.c.2029) server stopped by UID = 0 PID = 0 
2018-11-30 22:41:25: (server.c.1436) server started (lighttpd/1.4.51) 
2018-11-30 22:46:37: (server.c.950) [note] graceful shutdown started 
2018-11-30 22:46:37: (server.c.2029) server stopped by UID = 0 PID = 0 
2018-11-30 22:46:37: (server.c.1436) server started (lighttpd/1.4.51) 
2018-11-30 22:51:16: (server.c.950) [note] graceful shutdown started 
2018-11-30 22:51:16: (server.c.2029) server stopped by UID = 0 PID = 0 
2018-11-30 22:57:22: (server.c.1436) server started (lighttpd/1.4.51) 
2018-11-30 22:57:34: (server.c.950) [note] graceful shutdown started 
2018-11-30 22:57:34: (server.c.2029) server stopped by UID = 0 PID = 0 
2018-11-30 23:01:14: (server.c.1436) server started (lighttpd/1.4.51) 
2018-11-30 23:01:25: (server.c.950) [note] graceful shutdown started 
2018-11-30 23:01:25: (server.c.2029) server stopped by UID = 0 PID = 0 
2018-11-30 23:02:47: (server.c.1436) server started (lighttpd/1.4.51) 
2018-11-30 23:06:42: (server.c.950) [note] graceful shutdown started 
2018-11-30 23:06:42: (server.c.2029) server stopped by UID = 0 PID = 0 
2018-11-30 23:06:42: (server.c.1436) server started (lighttpd/1.4.51) 
2018-11-30 23:09:51: (server.c.950) [note] graceful shutdown started 
2018-11-30 23:09:51: (server.c.2029) server stopped by UID = 0 PID = 0 
2018-11-30 23:09:51: (server.c.1436) server started (lighttpd/1.4.51) 
2018-11-30 23:10:03: (server.c.950) [note] graceful shutdown started 
2018-11-30 23:10:03: (server.c.2029) server stopped by UID = 0 PID = 0 
2018-11-30 23:10:04: (server.c.1436) server started (lighttpd/1.4.51) 
2018-11-30 23:10:13: (server.c.950) [note] graceful shutdown started 
2018-11-30 23:10:13: (server.c.2029) server stopped by UID = 0 PID = 0 
2018-11-30 23:10:14: (server.c.1436) server started (lighttpd/1.4.51) 
2018-11-30 23:14:12: (server.c.950) [note] graceful shutdown started 
2018-11-30 23:14:12: (server.c.2029) server stopped by UID = 0 PID = 0 
2018-11-30 23:14:13: (server.c.1436) server started (lighttpd/1.4.51) 
2018-11-30 23:14:13: (gw_backend.c.1339) either host/port or socket have to be set in: fastcgi.server = ( .php  => ( localhost  ( ... 
2018-11-30 23:14:13: (server.c.1444) Configuration of plugins failed. Going down. 
2018-11-30 23:17:44: (server.c.1436) server started (lighttpd/1.4.51) 
2018-11-30 23:17:53: (server.c.950) [note] graceful shutdown started 
2018-11-30 23:17:53: (server.c.2029) server stopped by UID = 0 PID = 0 
2018-11-30 23:17:53: (server.c.1436) server started (lighttpd/1.4.51) 
2018-11-30 23:48:09: (server.c.950) [note] graceful shutdown started 
2018-11-30 23:48:09: (server.c.2029) server stopped by UID = 0 PID = 0 
2018-11-30 23:48:10: (server.c.1436) server started (lighttpd/1.4.51) 
2018-11-30 23:48:57: (server.c.950) [note] graceful shutdown started 
2018-11-30 23:48:57: (server.c.2029) server stopped by UID = 0 PID = 0 
2018-11-30 23:49:01: (server.c.1436) server started (lighttpd/1.4.51) 
2018-11-30 23:49:09: (server.c.950) [note] graceful shutdown started 
2018-11-30 23:49:09: (server.c.2029) server stopped by UID = 0 PID = 0 
2018-11-30 23:54:01: (server.c.1436) server started (lighttpd/1.4.51) 
2018-11-30 23:54:07: (server.c.950) [note] graceful shutdown started 
2018-11-30 23:54:07: (server.c.2029) server stopped by UID = 0 PID = 0 
2018-11-30 23:58:18: (server.c.1436) server started (lighttpd/1.4.51) 
2018-11-30 23:58:27: (server.c.950) [note] graceful shutdown started 
2018-11-30 23:58:27: (server.c.2029) server stopped by UID = 0 PID = 0 
2018-12-01 00:20:12: (server.c.1436) server started (lighttpd/1.4.51) 
2018-12-01 00:20:52: (server.c.950) [note] graceful shutdown started 
2018-12-01 00:20:52: (server.c.2029) server stopped by UID = 0 PID = 0 
2018-12-01 00:20:53: (server.c.1436) server started (lighttpd/1.4.51) 
2018-12-01 00:21:04: (server.c.950) [note] graceful shutdown started 
2018-12-01 00:21:04: (server.c.2029) server stopped by UID = 0 PID = 0 
2018-12-01 00:22:19: (server.c.1436) server started (lighttpd/1.4.51) 
2018-12-01 00:29:34: (server.c.950) [note] graceful shutdown started 
2018-12-01 00:29:34: (server.c.2029) server stopped by UID = 0 PID = 0 
2018-12-01 00:29:35: (server.c.1436) server started (lighttpd/1.4.51) 
2018-12-01 00:34:46: (server.c.950) [note] graceful shutdown started 
2018-12-01 00:34:46: (server.c.2029) server stopped by UID = 0 PID = 0 
2018-12-02 15:12:54: (server.c.1436) server started (lighttpd/1.4.51) 
2018-12-02 15:13:05: (mod_fastcgi.c.438) FastCGI-stderr: PHP Fatal error:  Uncaught Error: Class 'PDO' not found in /home/reimu/acads/cs165/phase5/web/www/index.php:12
2018-12-02 15:13:05: (mod_fastcgi.c.438) FastCGI-stderr: Stack trace:
2018-12-02 15:13:05: (mod_fastcgi.c.438) FastCGI-stderr: #0 {main}
2018-12-02 15:13:05: (mod_fastcgi.c.438) FastCGI-stderr:   thrown in /home/reimu/acads/cs165/phase5/web/www/index.php on line 12
2018-12-02 15:15:01: (mod_fastcgi.c.438) FastCGI-stderr: PHP Fatal error:  Uncaught Error: Class 'PDO' not found in /home/reimu/acads/cs165/phase5/web/www/index.php:12
2018-12-02 15:15:01: (mod_fastcgi.c.438) FastCGI-stderr: Stack trace:
2018-12-02 15:15:01: (mod_fastcgi.c.438) FastCGI-stderr: #0 {main}
2018-12-02 15:15:01: (mod_fastcgi.c.438) FastCGI-stderr:   thrown in /home/reimu/acads/cs165/phase5/web/www/index.php on line 12
2018-12-02 15:15:18: (mod_fastcgi.c.438) FastCGI-stderr: PHP Fatal error:  Uncaught Error: Class 'PDO' not found in /home/reimu/acads/cs165/phase5/web/www/index.php:12
2018-12-02 15:15:18: (mod_fastcgi.c.438) FastCGI-stderr: Stack trace:
2018-12-02 15:15:18: (mod_fastcgi.c.438) FastCGI-stderr: #0 {main}
2018-12-02 15:15:18: (mod_fastcgi.c.438) FastCGI-stderr:   thrown in /home/reimu/acads/cs165/phase5/web/www/index.php on line 12
2018-12-02 15:15:22: (mod_fastcgi.c.438) FastCGI-stderr: PHP Fatal error:  Uncaught Error: Class 'PDO' not found in /home/reimu/acads/cs165/phase5/web/www/index.php:12
2018-12-02 15:15:22: (mod_fastcgi.c.438) FastCGI-stderr: Stack trace:
2018-12-02 15:15:22: (mod_fastcgi.c.438) FastCGI-stderr: #0 {main}
2018-12-02 15:15:22: (mod_fastcgi.c.438) FastCGI-stderr:   thrown in /home/reimu/acads/cs165/phase5/web/www/index.php on line 12
2018-12-02 15:15:48: (mod_fastcgi.c.438) FastCGI-stderr: PHP Fatal error:  Uncaught Error: Class 'PDO' not found in /home/reimu/acads/cs165/phase5/web/www/index.php:14
2018-12-02 15:15:48: (mod_fastcgi.c.438) FastCGI-stderr: Stack trace:
2018-12-02 15:15:48: (mod_fastcgi.c.438) FastCGI-stderr: #0 {main}
2018-12-02 15:15:48: (mod_fastcgi.c.438) FastCGI-stderr:   thrown in /home/reimu/acads/cs165/phase5/web/www/index.php on line 14
2018-12-02 17:08:04: (server.c.950) [note] graceful shutdown started 
2018-12-02 17:08:04: (server.c.2029) server stopped by UID = 0 PID = 0 
2018-12-02 17:10:34: (server.c.1436) server started (lighttpd/1.4.51) 
2018-12-02 17:10:59: (mod_fastcgi.c.438) FastCGI-stderr: PHP Recoverable fatal error:  Object of class PDO could not be converted to string in /home/reimu/acads/cs165/phase5/web/www/index.php on line 14
2018-12-02 21:25:57: (server.c.950) [note] graceful shutdown started 
2018-12-02 21:25:57: (server.c.2029) server stopped by UID = 0 PID = 0 
2018-12-08 16:27:51: (server.c.1436) server started (lighttpd/1.4.51) 
2018-12-08 16:30:27: (server.c.950) [note] graceful shutdown started 
2018-12-08 16:30:27: (server.c.2029) server stopped by UID = 0 PID = 0 
2018-12-08 16:31:09: (server.c.1436) server started (lighttpd/1.4.51) 
2018-12-08 17:13:24: (mod_fastcgi.c.438) FastCGI-stderr: PHP Parse error:  syntax error, unexpected end of file in /home/reimu/acads/cs165/phase5/web/www/register.php on line 27
2018-12-08 17:14:11: (mod_fastcgi.c.438) FastCGI-stderr: PHP Parse error:  syntax error, unexpected end of file in /home/reimu/acads/cs165/phase5/web/www/register.php on line 30
2018-12-08 17:14:43: (mod_fastcgi.c.438) FastCGI-stderr: PHP Parse error:  syntax error, unexpected end of file in /home/reimu/acads/cs165/phase5/web/www/register.php on line 30
2018-12-08 17:15:38: (mod_fastcgi.c.438) FastCGI-stderr: PHP Parse error:  syntax error, unexpected end of file in /home/reimu/acads/cs165/phase5/web/www/register.php on line 35
2018-12-08 17:16:02: (mod_fastcgi.c.438) FastCGI-stderr: PHP Parse error:  syntax error, unexpected end of file in /home/reimu/acads/cs165/phase5/web/www/register.php on line 35
2018-12-08 17:16:05: (server.c.950) [note] graceful shutdown started 
2018-12-08 17:16:05: (server.c.2029) server stopped by UID = 0 PID = 0 
2018-12-08 17:16:06: (server.c.1436) server started (lighttpd/1.4.51) 
2018-12-08 17:16:10: (mod_fastcgi.c.438) FastCGI-stderr: PHP Parse error:  syntax error, unexpected end of file in /home/reimu/acads/cs165/phase5/web/www/register.php on line 35
2018-12-08 17:17:27: (mod_fastcgi.c.438) FastCGI-stderr: PHP Parse error:  syntax error, unexpected end of file in /home/reimu/acads/cs165/phase5/web/www/register.php on line 36
2018-12-08 17:17:37: (server.c.950) [note] graceful shutdown started 
2018-12-08 17:17:37: (server.c.2029) server stopped by UID = 0 PID = 0 
2018-12-08 17:17:38: (server.c.1436) server started (lighttpd/1.4.51) 
2018-12-08 17:17:40: (mod_fastcgi.c.438) FastCGI-stderr: PHP Parse error:  syntax error, unexpected end of file in /home/reimu/acads/cs165/phase5/web/www/register.php on line 36
2018-12-08 17:17:44: (mod_fastcgi.c.438) FastCGI-stderr: PHP Parse error:  syntax error, unexpected end of file in /home/reimu/acads/cs165/phase5/web/www/register.php on line 36
2018-12-08 17:24:01: (mod_fastcgi.c.438) FastCGI-stderr: PHP Parse error:  syntax error, unexpected end of file in /home/reimu/acads/cs165/phase5/web/www/register.php on line 35
2018-12-08 17:25:20: (mod_fastcgi.c.438) FastCGI-stderr: PHP Parse error:  syntax error, unexpected end of file in /home/reimu/acads/cs165/phase5/web/www/register.php on line 35
2018-12-08 17:30:27: (mod_fastcgi.c.438) FastCGI-stderr: PHP Warning:  Use of undefined constant db_connect - assumed 'db_connect' (this will throw an Error in a future version of PHP) in /home/reimu/acads/cs165/phase5/web/www/register.php on line 5
2018-12-08 17:30:27: (mod_fastcgi.c.438) FastCGI-stderr: PHP Warning:  Use of undefined constant php - assumed 'php' (this will throw an Error in a future version of PHP) in /home/reimu/acads/cs165/phase5/web/www/register.php on line 5
2018-12-08 17:30:27: (mod_fastcgi.c.438) FastCGI-stderr: PHP Warning:  include(db_connectphp): failed to open stream: No such file or directory in /home/reimu/acads/cs165/phase5/web/www/register.php on line 5
2018-12-08 17:30:27: (mod_fastcgi.c.438) FastCGI-stderr: PHP Warning:  include(): Failed opening 'db_connectphp' for inclusion (include_path='.:/usr/share/php7:/usr/share/php') in /home/reimu/acads/cs165/phase5/web/www/register.php on line 5
2018-12-08 17:30:27: (mod_fastcgi.c.438) FastCGI-stderr: PHP Notice:  Undefined variable: dbo in /home/reimu/acads/cs165/phase5/web/www/register.php on line 22
2018-12-08 17:30:27: (mod_fastcgi.c.438) FastCGI-stderr: PHP Fatal error:  Uncaught Error: Call to a member function prepare() on null in /home/reimu/acads/cs165/phase5/web/www/register.php:22
2018-12-08 17:30:27: (mod_fastcgi.c.438) FastCGI-stderr: Stack trace:
2018-12-08 17:30:27: (mod_fastcgi.c.438) FastCGI-stderr: #0 {main}
2018-12-08 17:30:27: (mod_fastcgi.c.438) FastCGI-stderr:   thrown in /home/reimu/acads/cs165/phase5/web/www/register.php on line 22
2018-12-08 17:30:30: (mod_fastcgi.c.438) FastCGI-stderr: PHP Warning:  Use of undefined constant db_connect - assumed 'db_connect' (this will throw an Error in a future version of PHP) in /home/reimu/acads/cs165/phase5/web/www/register.php on line 5
2018-12-08 17:30:30: (mod_fastcgi.c.438) FastCGI-stderr: PHP Warning:  Use of undefined constant php - assumed 'php' (this will throw an Error in a future version of PHP) in /home/reimu/acads/cs165/phase5/web/www/register.php on line 5
2018-12-08 17:30:30: (mod_fastcgi.c.438) FastCGI-stderr: PHP Warning:  include(db_connectphp): failed to open stream: No such file or directory in /home/reimu/acads/cs165/phase5/web/www/register.php on line 5
2018-12-08 17:30:30: (mod_fastcgi.c.438) FastCGI-stderr: PHP Warning:  include(): Failed opening 'db_connectphp' for inclusion (include_path='.:/usr/share/php7:/usr/share/php') in /home/reimu/acads/cs165/phase5/web/www/register.php on line 5
2018-12-08 17:30:30: (mod_fastcgi.c.438) FastCGI-stderr: PHP Notice:  Undefined variable: dbo in /home/reimu/acads/cs165/phase5/web/www/register.php on line 22
2018-12-08 17:30:30: (mod_fastcgi.c.438) FastCGI-stderr: PHP Fatal error:  Uncaught Error: Call to a member function prepare() on null in /home/reimu/acads/cs165/phase5/web/www/register.php:22
2018-12-08 17:30:30: (mod_fastcgi.c.438) FastCGI-stderr: Stack trace:
2018-12-08 17:30:30: (mod_fastcgi.c.438) FastCGI-stderr: #0 {main}
2018-12-08 17:30:30: (mod_fastcgi.c.438) FastCGI-stderr:   thrown in /home/reimu/acads/cs165/phase5/web/www/register.php on line 22
2018-12-08 17:32:58: (server.c.950) [note] graceful shutdown started 
2018-12-08 17:32:58: (server.c.2029) server stopped by UID = 0 PID = 0 
2018-12-08 17:34:08: (server.c.1436) server started (lighttpd/1.4.51) 
2018-12-08 17:34:14: (mod_fastcgi.c.438) FastCGI-stderr: PHP Warning:  Use of undefined constant db_connect - assumed 'db_connect' (this will throw an Error in a future version of PHP) in /home/reimu/acads/cs165/phase5/web/www/register.php on line 6
2018-12-08 17:34:14: (mod_fastcgi.c.438) FastCGI-stderr: PHP Warning:  Use of undefined constant php - assumed 'php' (this will throw an Error in a future version of PHP) in /home/reimu/acads/cs165/phase5/web/www/register.php on line 6
2018-12-08 17:34:14: (mod_fastcgi.c.438) FastCGI-stderr: PHP Warning:  include(db_connectphp): failed to open stream: No such file or directory in /home/reimu/acads/cs165/phase5/web/www/register.php on line 6
2018-12-08 17:34:14: (mod_fastcgi.c.438) FastCGI-stderr: PHP Warning:  include(): Failed opening 'db_connectphp' for inclusion (include_path='.:/usr/share/php7:/usr/share/php') in /home/reimu/acads/cs165/phase5/web/www/register.php on line 6
2018-12-08 17:34:14: (mod_fastcgi.c.438) FastCGI-stderr: PHP Notice:  Undefined variable: dbo in /home/reimu/acads/cs165/phase5/web/www/register.php on line 23
2018-12-08 17:34:14: (mod_fastcgi.c.438) FastCGI-stderr: PHP Fatal error:  Uncaught Error: Call to a member function prepare() on null in /home/reimu/acads/cs165/phase5/web/www/register.php:23
2018-12-08 17:34:14: (mod_fastcgi.c.438) FastCGI-stderr: Stack trace:
2018-12-08 17:34:14: (mod_fastcgi.c.438) FastCGI-stderr: #0 {main}
2018-12-08 17:34:14: (mod_fastcgi.c.438) FastCGI-stderr:   thrown in /home/reimu/acads/cs165/phase5/web/www/register.php on line 23
2018-12-10 11:02:42: (mod_fastcgi.c.438) FastCGI-stderr: PHP Parse error:  syntax error, unexpected '}', expecting ',' or ';' in /home/reimu/acads/cs165/phase5/web/www/register.php on line 42
2018-12-10 11:03:42: (mod_fastcgi.c.438) FastCGI-stderr: PHP Fatal error:  Uncaught Error: Call to a member function execute() on string in /home/reimu/acads/cs165/phase5/web/www/register.php:38
2018-12-10 11:03:42: (mod_fastcgi.c.438) FastCGI-stderr: Stack trace:
2018-12-10 11:03:42: (mod_fastcgi.c.438) FastCGI-stderr: #0 {main}
2018-12-10 11:03:42: (mod_fastcgi.c.438) FastCGI-stderr:   thrown in /home/reimu/acads/cs165/phase5/web/www/register.php on line 38
2018-12-10 11:48:14: (mod_fastcgi.c.438) FastCGI-stderr: PHP Parse error:  syntax error, unexpected ',', expecting ']' in /home/reimu/acads/cs165/phase5/web/www/register.php on line 42
2018-12-10 11:48:39: (mod_fastcgi.c.438) FastCGI-stderr: PHP Parse error:  syntax error, unexpected 'echo' (T_ECHO) in /home/reimu/acads/cs165/phase5/web/www/auth.php on line 39
2018-12-10 11:48:51: (mod_fastcgi.c.438) FastCGI-stderr: PHP Parse error:  syntax error, unexpected 'echo' (T_ECHO) in /home/reimu/acads/cs165/phase5/web/www/auth.php on line 39
2018-12-10 11:50:28: (mod_fastcgi.c.438) FastCGI-stderr: PHP Parse error:  syntax error, unexpected end of file in /home/reimu/acads/cs165/phase5/web/www/auth.php on line 44
2018-12-10 12:34:10: (mod_fastcgi.c.438) FastCGI-stderr: PHP Parse error:  syntax error, unexpected '$_SESSION' (T_VARIABLE) in /home/reimu/acads/cs165/phase5/web/www/auth.php on line 45
2018-12-10 12:34:44: (mod_fastcgi.c.438) FastCGI-stderr: PHP Parse error:  syntax error, unexpected '{' in /home/reimu/acads/cs165/phase5/web/www/index.php on line 6
2018-12-10 12:34:54: (mod_fastcgi.c.438) FastCGI-stderr: PHP Parse error:  syntax error, unexpected '{' in /home/reimu/acads/cs165/phase5/web/www/index.php on line 6
2018-12-10 12:35:33: (server.c.950) [note] graceful shutdown started 
2018-12-10 12:35:33: (server.c.2029) server stopped by UID = 0 PID = 0 
2018-12-10 12:35:34: (server.c.1436) server started (lighttpd/1.4.51) 
2018-12-10 17:38:39: (server.c.950) [note] graceful shutdown started 
2018-12-10 17:38:39: (server.c.2029) server stopped by UID = 0 PID = 0 
2018-12-10 17:38:46: (server.c.1436) server started (lighttpd/1.4.51) 
2018-12-10 19:27:11: (mod_fastcgi.c.438) FastCGI-stderr: PHP Parse error:  syntax error, unexpected '<', expecting end of file in /home/reimu/acads/cs165/phase5/web/www/index.php on line 6
2018-12-10 19:33:05: (mod_fastcgi.c.438) FastCGI-stderr: PHP Parse error:  syntax error, unexpected end of file in /home/reimu/acads/cs165/phase5/web/www/index.php on line 31
2018-12-10 19:39:51: (mod_fastcgi.c.438) FastCGI-stderr: PHP Parse error:  syntax error, unexpected '}', expecting ',' or ';' in /home/reimu/acads/cs165/phase5/web/www/index.php on line 15
2018-12-11 11:23:36: (mod_fastcgi.c.438) FastCGI-stderr: PHP Parse error:  syntax error, unexpected 'if' (T_IF) in /home/reimu/acads/cs165/phase5/web/www/auth.php on line 22
2018-12-11 11:24:59: (mod_fastcgi.c.438) FastCGI-stderr: PHP Parse error:  syntax error, unexpected '}', expecting end of file in /home/reimu/acads/cs165/phase5/web/www/auth.php on line 33
2018-12-11 11:25:10: (mod_fastcgi.c.438) FastCGI-stderr: PHP Notice:  Undefined variable: dbo in /home/reimu/acads/cs165/phase5/web/www/user_info.php on line 9
2018-12-11 11:25:10: (mod_fastcgi.c.438) FastCGI-stderr: PHP Fatal error:  Uncaught Error: Call to a member function prepare() on null in /home/reimu/acads/cs165/phase5/web/www/user_info.php:9
2018-12-11 11:25:10: (mod_fastcgi.c.438) FastCGI-stderr: Stack trace:
2018-12-11 11:25:10: (mod_fastcgi.c.438) FastCGI-stderr: #0 /home/reimu/acads/cs165/phase5/web/www/user_info.php(22): get_user_data('mike@upd.edu.ph')
2018-12-11 11:25:10: (mod_fastcgi.c.438) FastCGI-stderr: #1 /home/reimu/acads/cs165/phase5/web/www/auth.php(20): user_exists('mike@upd.edu.ph')
2018-12-11 11:25:10: (mod_fastcgi.c.438) FastCGI-stderr: #2 {main}
2018-12-11 11:25:10: (mod_fastcgi.c.438) FastCGI-stderr:   thrown in /home/reimu/acads/cs165/phase5/web/www/user_info.php on line 9
2018-12-11 11:25:52: (mod_fastcgi.c.438) FastCGI-stderr: PHP Notice:  Undefined variable: dbo in /home/reimu/acads/cs165/phase5/web/www/user_info.php on line 9
2018-12-11 11:25:52: (mod_fastcgi.c.438) FastCGI-stderr: PHP Fatal error:  Uncaught Error: Call to a member function prepare() on null in /home/reimu/acads/cs165/phase5/web/www/user_info.php:9
2018-12-11 11:25:52: (mod_fastcgi.c.438) FastCGI-stderr: Stack trace:
2018-12-11 11:25:52: (mod_fastcgi.c.438) FastCGI-stderr: #0 /home/reimu/acads/cs165/phase5/web/www/user_info.php(22): get_user_data('mike@upd.edu.ph')
2018-12-11 11:25:52: (mod_fastcgi.c.438) FastCGI-stderr: #1 /home/reimu/acads/cs165/phase5/web/www/auth.php(19): user_exists('mike@upd.edu.ph')
2018-12-11 11:25:52: (mod_fastcgi.c.438) FastCGI-stderr: #2 {main}
2018-12-11 11:25:52: (mod_fastcgi.c.438) FastCGI-stderr:   thrown in /home/reimu/acads/cs165/phase5/web/www/user_info.php on line 9
2018-12-11 11:26:55: (mod_fastcgi.c.438) FastCGI-stderr: PHP Notice:  Undefined variable: user_query in /home/reimu/acads/cs165/phase5/web/www/user_info.php on line 9
2018-12-11 12:04:19: (mod_fastcgi.c.438) FastCGI-stderr: PHP Parse error:  syntax error, unexpected ')', expecting ']' in /home/reimu/acads/cs165/phase5/web/www/register.php on line 28
2018-12-11 12:04:35: (mod_fastcgi.c.438) FastCGI-stderr: PHP Parse error:  syntax error, unexpected ']' in /home/reimu/acads/cs165/phase5/web/www/user_add_edit.php on line 12
2018-12-11 13:02:57: (server.c.950) [note] graceful shutdown started 
2018-12-11 13:02:57: (server.c.2029) server stopped by UID = 0 PID = 0 
2018-12-11 13:02:59: (server.c.1436) server started (lighttpd/1.4.51) 
2018-12-13 14:46:15: (mod_fastcgi.c.438) FastCGI-stderr: PHP Parse error:  syntax error, unexpected ';' in /home/reimu/acads/cs165/phase5/web/www/home.php on line 88
2018-12-13 14:46:32: (mod_fastcgi.c.438) FastCGI-stderr: PHP Parse error:  syntax error, unexpected ';', expecting ']' in /home/reimu/acads/cs165/phase5/web/www/home.php on line 88
2018-12-13 14:46:38: (mod_fastcgi.c.438) FastCGI-stderr: PHP Parse error:  syntax error, unexpected '}', expecting ',' or ';' in /home/reimu/acads/cs165/phase5/web/www/home.php on line 90
2018-12-13 14:46:45: (mod_fastcgi.c.438) FastCGI-stderr: PHP Parse error:  syntax error, unexpected 'if' (T_IF) in /home/reimu/acads/cs165/phase5/web/www/user_info.php on line 52
2018-12-13 15:35:11: (mod_fastcgi.c.438) FastCGI-stderr: PHP Notice:  Undefined index: A.short_name in /home/reimu/acads/cs165/phase5/web/www/home.php on line 92
2018-12-13 15:35:11: (mod_fastcgi.c.438) FastCGI-stderr: PHP Notice:  Undefined index: B.short_name in /home/reimu/acads/cs165/phase5/web/www/home.php on line 93
2018-12-13 15:35:11: (mod_fastcgi.c.438) FastCGI-stderr: PHP Notice:  Undefined index: A.short_name in /home/reimu/acads/cs165/phase5/web/www/home.php on line 92
2018-12-13 15:35:11: (mod_fastcgi.c.438) FastCGI-stderr: PHP Notice:  Undefined index: B.short_name in /home/reimu/acads/cs165/phase5/web/www/home.php on line 93
2018-12-13 15:35:45: (mod_fastcgi.c.438) FastCGI-stderr: PHP Notice:  Array to string conversion in /home/reimu/acads/cs165/phase5/web/www/home.php on line 87
2018-12-13 15:35:45: (mod_fastcgi.c.438) FastCGI-stderr: PHP Notice:  Undefined index: A.short_name in /home/reimu/acads/cs165/phase5/web/www/home.php on line 93
2018-12-13 15:35:45: (mod_fastcgi.c.438) FastCGI-stderr: PHP Notice:  Undefined index: B.short_name in /home/reimu/acads/cs165/phase5/web/www/home.php on line 94
2018-12-13 15:35:45: (mod_fastcgi.c.438) FastCGI-stderr: PHP Notice:  Array to string conversion in /home/reimu/acads/cs165/phase5/web/www/home.php on line 87
2018-12-13 15:35:45: (mod_fastcgi.c.438) FastCGI-stderr: PHP Notice:  Undefined index: A.short_name in /home/reimu/acads/cs165/phase5/web/www/home.php on line 93
2018-12-13 15:35:45: (mod_fastcgi.c.438) FastCGI-stderr: PHP Notice:  Undefined index: B.short_name in /home/reimu/acads/cs165/phase5/web/www/home.php on line 94
2018-12-13 15:36:30: (mod_fastcgi.c.438) FastCGI-stderr: PHP Notice:  Undefined index: A.short_name in /home/reimu/acads/cs165/phase5/web/www/home.php on line 93
2018-12-13 15:36:30: (mod_fastcgi.c.438) FastCGI-stderr: PHP Notice:  Undefined index: B.short_name in /home/reimu/acads/cs165/phase5/web/www/home.php on line 94
2018-12-13 15:36:30: (mod_fastcgi.c.438) FastCGI-stderr: PHP Notice:  Undefined index: A.short_name in /home/reimu/acads/cs165/phase5/web/www/home.php on line 93
2018-12-13 15:36:30: (mod_fastcgi.c.438) FastCGI-stderr: PHP Notice:  Undefined index: B.short_name in /home/reimu/acads/cs165/phase5/web/www/home.php on line 94
2018-12-13 17:45:02: (mod_fastcgi.c.438) FastCGI-stderr: PHP Parse error:  syntax error, unexpected '?>', expecting '(' in /home/reimu/acads/cs165/phase5/web/www/user_info.php on line 62
2018-12-13 17:45:10: (mod_fastcgi.c.438) FastCGI-stderr: PHP Notice:  session_start(): A session had already been started - ignoring in /home/reimu/acads/cs165/phase5/web/www/auth.php on line 22
2018-12-13 17:45:18: (mod_fastcgi.c.438) FastCGI-stderr: PHP Notice:  session_start(): A session had already been started - ignoring in /home/reimu/acads/cs165/phase5/web/www/auth.php on line 22
2018-12-13 17:49:20: (mod_fastcgi.c.438) FastCGI-stderr: PHP Parse error:  syntax error, unexpected 'foreach' (T_FOREACH) in /home/reimu/acads/cs165/phase5/web/www/home.php on line 82
2018-12-13 17:52:16: (mod_fastcgi.c.438) FastCGI-stderr: PHP Fatal error:  Cannot redeclare get_user_accepted_tasks() (previously declared in /home/reimu/acads/cs165/phase5/web/www/user_info.php:41) in /home/reimu/acads/cs165/phase5/web/www/user_info.php on line 81
2018-12-13 17:59:18: (mod_fastcgi.c.438) FastCGI-stderr: PHP Notice:  Undefined index: location in /home/reimu/acads/cs165/phase5/web/www/home.php on line 121
2018-12-13 18:00:11: (mod_fastcgi.c.438) FastCGI-stderr: PHP Notice:  Undefined index: location in /home/reimu/acads/cs165/phase5/web/www/home.php on line 121
2018-12-13 21:07:39: (mod_fastcgi.c.438) FastCGI-stderr: PHP Parse error:  syntax error, unexpected '}' in /home/reimu/acads/cs165/phase5/web/www/user_info.php on line 84
2018-12-13 21:10:16: (mod_fastcgi.c.438) FastCGI-stderr: PHP Notice:  Undefined variable: requests_query in /home/reimu/acads/cs165/phase5/web/www/user_info.php on line 85
2018-12-13 21:32:42: (mod_fastcgi.c.438) FastCGI-stderr: PHP Notice:  Undefined variable: limit in /home/reimu/acads/cs165/phase5/web/www/user_info.php on line 83
2018-12-13 22:09:08: (mod_fastcgi.c.438) FastCGI-stderr: PHP Notice:  session_start(): A session had already been started - ignoring in /home/reimu/acads/cs165/phase5/web/www/auth.php on line 22
2018-12-13 22:09:09: (mod_fastcgi.c.438) FastCGI-stderr: PHP Notice:  Undefined index: name in /home/reimu/acads/cs165/phase5/web/www/home.php on line 54
2018-12-13 22:09:09: (mod_fastcgi.c.438) FastCGI-stderr: PHP Notice:  Undefined index: name in /home/reimu/acads/cs165/phase5/web/www/home.php on line 55
2018-12-13 22:09:32: (mod_fastcgi.c.438) FastCGI-stderr: PHP Notice:  Undefined index: name in /home/reimu/acads/cs165/phase5/web/www/home.php on line 54
2018-12-13 22:09:32: (mod_fastcgi.c.438) FastCGI-stderr: PHP Notice:  Undefined index: name in /home/reimu/acads/cs165/phase5/web/www/home.php on line 55
2018-12-13 22:11:45: (mod_fastcgi.c.438) FastCGI-stderr: PHP Parse error:  syntax error, unexpected ')', expecting ']' in /home/reimu/acads/cs165/phase5/web/www/home.php on line 54
2018-12-13 22:11:52: (mod_fastcgi.c.438) FastCGI-stderr: PHP Notice:  Undefined index: email in /home/reimu/acads/cs165/phase5/web/www/home.php on line 54
2018-12-13 22:12:32: (mod_fastcgi.c.438) FastCGI-stderr: PHP Notice:  Undefined index: email in /home/reimu/acads/cs165/phase5/web/www/home.php on line 54
2018-12-13 22:13:07: (mod_fastcgi.c.438) FastCGI-stderr: PHP Notice:  Undefined index: email in /home/reimu/acads/cs165/phase5/web/www/home.php on line 54
2018-12-13 22:13:38: (mod_fastcgi.c.438) FastCGI-stderr: PHP Notice:  session_start(): A session had already been started - ignoring in /home/reimu/acads/cs165/phase5/web/www/home.php on line 54
2018-12-13 22:13:38: (mod_fastcgi.c.438) FastCGI-stderr: PHP Notice:  Undefined index: email in /home/reimu/acads/cs165/phase5/web/www/home.php on line 55
2018-12-13 22:13:55: (mod_fastcgi.c.438) FastCGI-stderr: PHP Notice:  session_start(): A session had already been started - ignoring in /home/reimu/acads/cs165/phase5/web/www/auth.php on line 22
2018-12-13 22:13:55: (mod_fastcgi.c.438) FastCGI-stderr: PHP Notice:  Undefined index: email in /home/reimu/acads/cs165/phase5/web/www/auth.php on line 27
2018-12-13 22:15:24: (mod_fastcgi.c.438) FastCGI-stderr: PHP Notice:  session_start(): A session had already been started - ignoring in /home/reimu/acads/cs165/phase5/web/www/auth.php on line 22
2018-12-13 22:20:09: (mod_fastcgi.c.438) FastCGI-stderr: PHP Parse error:  syntax error, unexpected end of file in /home/reimu/acads/cs165/phase5/web/www/view_request.php on line 70
2018-12-13 22:22:16: (mod_fastcgi.c.438) FastCGI-stderr: PHP Parse error:  syntax error, unexpected end of file in /home/reimu/acads/cs165/phase5/web/www/view_request.php on line 63
2018-12-13 22:22:27: (mod_fastcgi.c.438) FastCGI-stderr: PHP Fatal error:  Uncaught Error: Call to undefined function request_details() in /home/reimu/acads/cs165/phase5/web/www/view_request.php:47
2018-12-13 22:22:27: (mod_fastcgi.c.438) FastCGI-stderr: Stack trace:
2018-12-13 22:22:27: (mod_fastcgi.c.438) FastCGI-stderr: #0 {main}
2018-12-13 22:22:27: (mod_fastcgi.c.438) FastCGI-stderr:   thrown in /home/reimu/acads/cs165/phase5/web/www/view_request.php on line 47
2018-12-13 22:22:48: (mod_fastcgi.c.438) FastCGI-stderr: PHP Notice:  Undefined index: status in /home/reimu/acads/cs165/phase5/web/www/view_request.php on line 63
2018-12-13 22:22:48: (mod_fastcgi.c.438) FastCGI-stderr: PHP Notice:  Undefined index: location in /home/reimu/acads/cs165/phase5/web/www/view_request.php on line 65
2018-12-13 22:35:27: (mod_fastcgi.c.438) FastCGI-stderr: PHP Parse error:  syntax error, unexpected '<' in /home/reimu/acads/cs165/phase5/web/www/view_request.php on line 114
2018-12-13 22:38:06: (mod_fastcgi.c.438) FastCGI-stderr: PHP Parse error:  syntax error, unexpected end of file in /home/reimu/acads/cs165/phase5/web/www/view_request.php on line 117
2018-12-13 23:32:16: (mod_fastcgi.c.438) FastCGI-stderr: PHP Parse error:  syntax error, unexpected '->' (T_OBJECT_OPERATOR), expecting ',' or ';' in /home/reimu/acads/cs165/phase5/web/www/fulfill_task.php on line 25
2018-12-13 23:32:49: (mod_fastcgi.c.438) FastCGI-stderr: PHP Parse error:  syntax error, unexpected '$prep_stmt' (T_VARIABLE) in /home/reimu/acads/cs165/phase5/web/www/fulfill_task.php on line 25
2018-12-13 23:33:18: (mod_fastcgi.c.438) FastCGI-stderr: PHP Notice:  Undefined index: email in /home/reimu/acads/cs165/phase5/web/www/home.php on line 55
2018-12-13 23:33:18: (mod_fastcgi.c.438) FastCGI-stderr: PHP Notice:  Undefined index: id in /home/reimu/acads/cs165/phase5/web/www/user_info.php on line 41
2018-12-13 23:33:18: (mod_fastcgi.c.438) FastCGI-stderr: PHP Notice:  Undefined index: id in /home/reimu/acads/cs165/phase5/web/www/user_info.php on line 55
2018-12-13 23:33:18: (mod_fastcgi.c.438) FastCGI-stderr: PHP Notice:  Undefined index: id in /home/reimu/acads/cs165/phase5/web/www/user_info.php on line 75
2018-12-13 23:39:30: (mod_fastcgi.c.438) FastCGI-stderr: PHP Notice:  Undefined index: email in /home/reimu/acads/cs165/phase5/web/www/home.php on line 55
2018-12-13 23:39:30: (mod_fastcgi.c.438) FastCGI-stderr: PHP Notice:  Undefined index: id in /home/reimu/acads/cs165/phase5/web/www/user_info.php on line 41
2018-12-13 23:39:30: (mod_fastcgi.c.438) FastCGI-stderr: PHP Notice:  Undefined index: id in /home/reimu/acads/cs165/phase5/web/www/user_info.php on line 55
2018-12-13 23:39:30: (mod_fastcgi.c.438) FastCGI-stderr: PHP Notice:  Undefined index: id in /home/reimu/acads/cs165/phase5/web/www/user_info.php on line 75
2018-12-13 23:39:48: (mod_fastcgi.c.438) FastCGI-stderr: PHP Notice:  session_start(): A session had already been started - ignoring in /home/reimu/acads/cs165/phase5/web/www/auth.php on line 22
2018-12-13 23:39:58: (mod_fastcgi.c.438) FastCGI-stderr: PHP Notice:  Undefined index: email in /home/reimu/acads/cs165/phase5/web/www/home.php on line 55
2018-12-13 23:39:58: (mod_fastcgi.c.438) FastCGI-stderr: PHP Notice:  Undefined index: id in /home/reimu/acads/cs165/phase5/web/www/user_info.php on line 41
2018-12-13 23:39:58: (mod_fastcgi.c.438) FastCGI-stderr: PHP Notice:  Undefined index: id in /home/reimu/acads/cs165/phase5/web/www/user_info.php on line 55
2018-12-13 23:39:58: (mod_fastcgi.c.438) FastCGI-stderr: PHP Notice:  Undefined index: id in /home/reimu/acads/cs165/phase5/web/www/user_info.php on line 75
2018-12-13 23:40:12: (mod_fastcgi.c.438) FastCGI-stderr: PHP Notice:  Undefined index: email in /home/reimu/acads/cs165/phase5/web/www/home.php on line 55
2018-12-13 23:40:12: (mod_fastcgi.c.438) FastCGI-stderr: PHP Notice:  Undefined index: id in /home/reimu/acads/cs165/phase5/web/www/user_info.php on line 41
2018-12-13 23:40:12: (mod_fastcgi.c.438) FastCGI-stderr: PHP Notice:  Undefined index: id in /home/reimu/acads/cs165/phase5/web/www/user_info.php on line 55
2018-12-13 23:40:12: (mod_fastcgi.c.438) FastCGI-stderr: PHP Notice:  Undefined index: id in /home/reimu/acads/cs165/phase5/web/www/user_info.php on line 75
2018-12-13 23:40:40: (mod_fastcgi.c.438) FastCGI-stderr: PHP Notice:  session_start(): A session had already been started - ignoring in /home/reimu/acads/cs165/phase5/web/www/auth.php on line 22
2018-12-13 23:43:48: (mod_fastcgi.c.438) FastCGI-stderr: PHP Notice:  session_start(): A session had already been started - ignoring in /home/reimu/acads/cs165/phase5/web/www/auth.php on line 22
2018-12-13 23:43:54: (mod_fastcgi.c.438) FastCGI-stderr: PHP Notice:  Undefined variable: count in /home/reimu/acads/cs165/phase5/web/www/fulfill_task.php on line 26
2018-12-13 23:51:48: (mod_fastcgi.c.438) FastCGI-stderr: PHP Notice:  Undefined index: email in /home/reimu/acads/cs165/phase5/web/www/home.php on line 55
2018-12-13 23:51:48: (mod_fastcgi.c.438) FastCGI-stderr: PHP Notice:  Undefined index: id in /home/reimu/acads/cs165/phase5/web/www/user_info.php on line 41
2018-12-13 23:51:48: (mod_fastcgi.c.438) FastCGI-stderr: PHP Notice:  Undefined index: id in /home/reimu/acads/cs165/phase5/web/www/user_info.php on line 55
2018-12-13 23:51:48: (mod_fastcgi.c.438) FastCGI-stderr: PHP Notice:  Undefined index: id in /home/reimu/acads/cs165/phase5/web/www/user_info.php on line 75
2018-12-13 23:51:52: (mod_fastcgi.c.438) FastCGI-stderr: PHP Notice:  Undefined index: email in /home/reimu/acads/cs165/phase5/web/www/home.php on line 55
2018-12-13 23:51:52: (mod_fastcgi.c.438) FastCGI-stderr: PHP Notice:  Undefined index: id in /home/reimu/acads/cs165/phase5/web/www/user_info.php on line 41
2018-12-13 23:51:52: (mod_fastcgi.c.438) FastCGI-stderr: PHP Notice:  Undefined index: id in /home/reimu/acads/cs165/phase5/web/www/user_info.php on line 55
2018-12-13 23:51:52: (mod_fastcgi.c.438) FastCGI-stderr: PHP Notice:  Undefined index: id in /home/reimu/acads/cs165/phase5/web/www/user_info.php on line 75
2018-12-13 23:52:34: (server.c.950) [note] graceful shutdown started 
2018-12-13 23:52:34: (server.c.2029) server stopped by UID = 0 PID = 0 
2018-12-13 23:52:38: (server.c.1436) server started (lighttpd/1.4.51) 
2018-12-13 23:52:46: (mod_fastcgi.c.438) FastCGI-stderr: PHP Notice:  session_start(): A session had already been started - ignoring in /home/reimu/acads/cs165/phase5/web/www/auth.php on line 22
2018-12-13 23:54:23: (mod_fastcgi.c.438) FastCGI-stderr: PHP Notice:  session_start(): A session had already been started - ignoring in /home/reimu/acads/cs165/phase5/web/www/auth.php on line 22
2018-12-13 23:54:41: (mod_fastcgi.c.438) FastCGI-stderr: PHP Notice:  session_start(): A session had already been started - ignoring in /home/reimu/acads/cs165/phase5/web/www/auth.php on line 22
2018-12-13 23:54:49: (mod_fastcgi.c.438) FastCGI-stderr: PHP Notice:  session_start(): A session had already been started - ignoring in /home/reimu/acads/cs165/phase5/web/www/auth.php on line 22
2018-12-14 00:07:24: (mod_fastcgi.c.438) FastCGI-stderr: PHP Notice:  session_start(): A session had already been started - ignoring in /home/reimu/acads/cs165/phase5/web/www/auth.php on line 22
2018-12-14 00:07:41: (mod_fastcgi.c.438) FastCGI-stderr: PHP Notice:  session_start(): A session had already been started - ignoring in /home/reimu/acads/cs165/phase5/web/www/auth.php on line 22
2018-12-14 11:47:54: (mod_fastcgi.c.438) FastCGI-stderr: PHP Parse error:  syntax error, unexpected '}' in /home/reimu/acads/cs165/phase5/web/www/view_request.php on line 44
2018-12-14 13:06:42: (mod_fastcgi.c.438) FastCGI-stderr: PHP Notice:  Undefined variable: tasks_query in /home/reimu/acads/cs165/phase5/web/www/select_location.php on line 56
2018-12-14 13:10:35: (mod_fastcgi.c.438) FastCGI-stderr: PHP Parse error:  syntax error, unexpected '}', expecting ',' or ';' in /home/reimu/acads/cs165/phase5/web/www/view_request.php on line 149
2018-12-14 13:11:31: (mod_fastcgi.c.438) FastCGI-stderr: PHP Notice:  Undefined index: short_name in /home/reimu/acads/cs165/phase5/web/www/view_request.php on line 136
2018-12-14 13:26:52: (mod_fastcgi.c.438) FastCGI-stderr: PHP Notice:  Undefined index: email in /home/reimu/acads/cs165/phase5/web/www/home.php on line 55
2018-12-14 13:26:52: (mod_fastcgi.c.438) FastCGI-stderr: PHP Notice:  Undefined index: id in /home/reimu/acads/cs165/phase5/web/www/user_info.php on line 43
2018-12-14 13:26:52: (mod_fastcgi.c.438) FastCGI-stderr: PHP Notice:  Undefined index: id in /home/reimu/acads/cs165/phase5/web/www/user_info.php on line 57
2018-12-14 13:26:52: (mod_fastcgi.c.438) FastCGI-stderr: PHP Notice:  Undefined index: id in /home/reimu/acads/cs165/phase5/web/www/user_info.php on line 77
2018-12-14 13:27:09: (mod_fastcgi.c.438) FastCGI-stderr: PHP Notice:  session_start(): A session had already been started - ignoring in /home/reimu/acads/cs165/phase5/web/www/auth.php on line 22
2018-12-14 13:28:46: (mod_fastcgi.c.438) FastCGI-stderr: PHP Notice:  Undefined index: email in /home/reimu/acads/cs165/phase5/web/www/home.php on line 55
2018-12-14 13:28:46: (mod_fastcgi.c.438) FastCGI-stderr: PHP Notice:  Undefined index: id in /home/reimu/acads/cs165/phase5/web/www/user_info.php on line 43
2018-12-14 13:28:46: (mod_fastcgi.c.438) FastCGI-stderr: PHP Notice:  Undefined index: id in /home/reimu/acads/cs165/phase5/web/www/user_info.php on line 57
2018-12-14 13:28:46: (mod_fastcgi.c.438) FastCGI-stderr: PHP Notice:  Undefined index: id in /home/reimu/acads/cs165/phase5/web/www/user_info.php on line 77
2018-12-14 13:28:56: (mod_fastcgi.c.438) FastCGI-stderr: PHP Notice:  Undefined index: location_id in /home/reimu/acads/cs165/phase5/web/www/set_location.php on line 3
2018-12-14 13:28:56: (mod_fastcgi.c.438) FastCGI-stderr: PHP Notice:  Undefined index: short_name in /home/reimu/acads/cs165/phase5/web/www/set_location.php on line 4
2018-12-14 13:28:56: (mod_fastcgi.c.438) FastCGI-stderr: PHP Notice:  Undefined index: referrer in /home/reimu/acads/cs165/phase5/web/www/set_location.php on line 5
2018-12-14 13:28:56: (mod_fastcgi.c.438) FastCGI-stderr: PHP Notice:  Undefined index: referrer in /home/reimu/acads/cs165/phase5/web/www/set_location.php on line 8
2018-12-14 13:29:48: (mod_fastcgi.c.438) FastCGI-stderr: PHP Notice:  session_start(): A session had already been started - ignoring in /home/reimu/acads/cs165/phase5/web/www/auth.php on line 22
2018-12-14 13:38:17: (mod_fastcgi.c.438) FastCGI-stderr: PHP Parse error:  syntax error, unexpected ')', expecting ']' in /home/reimu/acads/cs165/phase5/web/www/user_location.php on line 12
2018-12-14 13:38:43: (mod_fastcgi.c.438) FastCGI-stderr: PHP Parse error:  syntax error, unexpected ')', expecting ']' in /home/reimu/acads/cs165/phase5/web/www/user_location.php on line 12
2018-12-14 13:39:36: (mod_fastcgi.c.438) FastCGI-stderr: PHP Notice:  Undefined index: email in /home/reimu/acads/cs165/phase5/web/www/home.php on line 55
2018-12-14 13:39:36: (mod_fastcgi.c.438) FastCGI-stderr: PHP Notice:  Undefined index: id in /home/reimu/acads/cs165/phase5/web/www/user_info.php on line 43
2018-12-14 13:39:36: (mod_fastcgi.c.438) FastCGI-stderr: PHP Notice:  Undefined index: id in /home/reimu/acads/cs165/phase5/web/www/user_info.php on line 57
2018-12-14 13:39:36: (mod_fastcgi.c.438) FastCGI-stderr: PHP Notice:  Undefined index: id in /home/reimu/acads/cs165/phase5/web/www/user_info.php on line 77
2018-12-14 13:39:42: (mod_fastcgi.c.438) FastCGI-stderr: PHP Notice:  session_start(): A session had already been started - ignoring in /home/reimu/acads/cs165/phase5/web/www/auth.php on line 22
2018-12-14 13:40:11: (mod_fastcgi.c.438) FastCGI-stderr: PHP Notice:  session_start(): A session had already been started - ignoring in /home/reimu/acads/cs165/phase5/web/www/auth.php on line 22
2018-12-14 13:40:15: (mod_fastcgi.c.438) FastCGI-stderr: PHP Parse error:  syntax error, unexpected 'header' (T_STRING), expecting ';' in /home/reimu/acads/cs165/phase5/web/www/user_location.php on line 22
2018-12-14 13:47:10: (mod_fastcgi.c.438) FastCGI-stderr: PHP Notice:  session_start(): A session had already been started - ignoring in /home/reimu/acads/cs165/phase5/web/www/auth.php on line 22
2018-12-14 13:47:31: (mod_fastcgi.c.438) FastCGI-stderr: PHP Notice:  session_start(): A session had already been started - ignoring in /home/reimu/acads/cs165/phase5/web/www/auth.php on line 22
2018-12-14 13:48:46: (mod_fastcgi.c.438) FastCGI-stderr: PHP Notice:  session_start(): A session had already been started - ignoring in /home/reimu/acads/cs165/phase5/web/www/auth.php on line 22
2018-12-14 13:49:24: (mod_fastcgi.c.438) FastCGI-stderr: PHP Notice:  session_start(): A session had already been started - ignoring in /home/reimu/acads/cs165/phase5/web/www/auth.php on line 22
2018-12-14 13:49:30: (mod_fastcgi.c.438) FastCGI-stderr: PHP Parse error:  syntax error, unexpected '?', expecting end of file in /home/reimu/acads/cs165/phase5/web/www/delete_task.php on line 13
2018-12-14 14:05:08: (mod_fastcgi.c.438) FastCGI-stderr: PHP Notice:  session_start(): A session had already been started - ignoring in /home/reimu/acads/cs165/phase5/web/www/auth.php on line 22
2018-12-14 14:05:11: (mod_fastcgi.c.438) FastCGI-stderr: PHP Parse error:  syntax error, unexpected '{', expecting '(' in /home/reimu/acads/cs165/phase5/web/www/unaccept_task.php on line 28
2018-12-14 14:05:17: (mod_fastcgi.c.438) FastCGI-stderr: PHP Parse error:  syntax error, unexpected '{', expecting '(' in /home/reimu/acads/cs165/phase5/web/www/unaccept_task.php on line 28
2018-12-14 14:06:07: (mod_fastcgi.c.438) FastCGI-stderr: PHP Parse error:  syntax error, unexpected '{', expecting '(' in /home/reimu/acads/cs165/phase5/web/www/unaccept_task.php on line 28
2018-12-14 14:08:01: (mod_fastcgi.c.438) FastCGI-stderr: PHP Notice:  session_start(): A session had already been started - ignoring in /home/reimu/acads/cs165/phase5/web/www/auth.php on line 22
2018-12-14 14:29:32: (mod_fastcgi.c.438) FastCGI-stderr: PHP Notice:  Undefined index: dbo in /home/reimu/acads/cs165/phase5/web/www/add_task.php on line 13
2018-12-14 14:29:32: (mod_fastcgi.c.438) FastCGI-stderr: PHP Fatal error:  Uncaught Error: Call to a member function prepare() on null in /home/reimu/acads/cs165/phase5/web/www/add_task.php:13
2018-12-14 14:29:32: (mod_fastcgi.c.438) FastCGI-stderr: Stack trace:
2018-12-14 14:29:32: (mod_fastcgi.c.438) FastCGI-stderr: #0 {main}
2018-12-14 14:29:32: (mod_fastcgi.c.438) FastCGI-stderr:   thrown in /home/reimu/acads/cs165/phase5/web/www/add_task.php on line 13
2018-12-14 14:49:15: (mod_fastcgi.c.438) FastCGI-stderr: PHP Notice:  session_start(): A session had already been started - ignoring in /home/reimu/acads/cs165/phase5/web/www/auth.php on line 22
2018-12-14 14:49:22: (mod_fastcgi.c.438) FastCGI-stderr: PHP Notice:  session_start(): A session had already been started - ignoring in /home/reimu/acads/cs165/phase5/web/www/auth.php on line 22
2018-12-14 15:14:10: (mod_fastcgi.c.438) FastCGI-stderr: PHP Notice:  session_start(): A session had already been started - ignoring in /home/reimu/acads/cs165/phase5/web/www/auth.php on line 22
2018-12-14 15:14:19: (mod_fastcgi.c.438) FastCGI-stderr: PHP Notice:  session_start(): A session had already been started - ignoring in /home/reimu/acads/cs165/phase5/web/www/auth.php on line 22
2018-12-14 15:24:08: (mod_fastcgi.c.438) FastCGI-stderr: PHP Notice:  Undefined index: request in /home/reimu/acads/cs165/phase5/web/www/set_location.php on line 5
2018-12-14 15:24:18: (mod_fastcgi.c.438) FastCGI-stderr: PHP Notice:  Undefined index: request in /home/reimu/acads/cs165/phase5/web/www/set_location.php on line 5
2018-12-14 15:39:07: (mod_fastcgi.c.438) FastCGI-stderr: PHP Notice:  Undefined index: posted_by in /home/reimu/acads/cs165/phase5/web/www/add_request.php on line 9
2018-12-14 15:41:26: (mod_fastcgi.c.438) FastCGI-stderr: PHP Notice:  session_start(): A session had already been started - ignoring in /home/reimu/acads/cs165/phase5/web/www/add_request.php on line 3
2018-12-14 15:42:23: (mod_fastcgi.c.438) FastCGI-stderr: PHP Notice:  session_start(): A session had already been started - ignoring in /home/reimu/acads/cs165/phase5/web/www/add_request.php on line 3
2018-12-14 15:53:03: (mod_fastcgi.c.438) FastCGI-stderr: PHP Parse error:  syntax error, unexpected '?', expecting end of file in /home/reimu/acads/cs165/phase5/web/www/accept_task.php on line 33
2018-12-14 15:53:28: (mod_fastcgi.c.438) FastCGI-stderr: PHP Notice:  session_start(): A session had already been started - ignoring in /home/reimu/acads/cs165/phase5/web/www/accept_task.php on line 3
2018-12-14 15:53:31: (mod_fastcgi.c.438) FastCGI-stderr: PHP Notice:  session_start(): A session had already been started - ignoring in /home/reimu/acads/cs165/phase5/web/www/accept_task.php on line 3
2018-12-15 11:06:34: (mod_fastcgi.c.438) FastCGI-stderr: PHP Notice:  session_start(): A session had already been started - ignoring in /home/reimu/acads/cs165/phase5/web/www/auth.php on line 22
2018-12-15 11:06:44: (mod_fastcgi.c.438) FastCGI-stderr: PHP Notice:  session_start(): A session had already been started - ignoring in /home/reimu/acads/cs165/phase5/web/www/auth.php on line 22
2018-12-15 11:18:10: (server.c.950) [note] graceful shutdown started 
2018-12-15 11:18:10: (server.c.2029) server stopped by UID = 0 PID = 0 
2018-12-15 11:18:38: (server.c.1436) server started (lighttpd/1.4.51) 
2018-12-15 11:26:15: (server.c.950) [note] graceful shutdown started 
2018-12-15 11:26:15: (server.c.2029) server stopped by UID = 0 PID = 0 
2018-12-15 11:31:38: (server.c.1436) server started (lighttpd/1.4.51) 
2018-12-15 11:31:47: (mod_fastcgi.c.438) FastCGI-stderr: PHP Notice:  session_start(): A session had already been started - ignoring in /home/reimu/acads/cs165/phase5/web/www/auth.php on line 22
2018-12-15 11:32:36: (mod_fastcgi.c.438) FastCGI-stderr: PHP Notice:  session_start(): A session had already been started - ignoring in /home/reimu/acads/cs165/phase5/web/www/auth.php on line 22
2018-12-15 11:33:07: (mod_fastcgi.c.438) FastCGI-stderr: PHP Notice:  session_start(): A session had already been started - ignoring in /home/reimu/acads/cs165/phase5/web/www/auth.php on line 22
2018-12-15 11:33:48: (server.c.950) [note] graceful shutdown started 
2018-12-15 11:33:48: (server.c.2029) server stopped by UID = 0 PID = 0 
2018-12-15 11:33:56: (server.c.1436) server started (lighttpd/1.4.51) 
2018-12-15 11:34:19: (server.c.950) [note] graceful shutdown started 
2018-12-15 11:34:19: (server.c.2029) server stopped by UID = 0 PID = 0 
2018-12-15 11:34:26: (server.c.1436) server started (lighttpd/1.4.51) 
2018-12-15 11:36:32: (mod_fastcgi.c.438) FastCGI-stderr: PHP Notice:  session_start(): A session had already been started - ignoring in /home/reimu/acads/cs165/phase5/web/www/auth.php on line 22
2018-12-15 11:39:39: (server.c.950) [note] graceful shutdown started 
2018-12-15 11:39:39: (server.c.2029) server stopped by UID = 0 PID = 0 
2018-12-15 11:39:46: (server.c.1436) server started (lighttpd/1.4.51) 
2018-12-15 11:39:58: (mod_fastcgi.c.438) FastCGI-stderr: PHP Notice:  session_start(): A session had already been started - ignoring in /home/reimu/acads/cs165/phase5/web/www/auth.php on line 22
2018-12-15 11:40:17: (server.c.950) [note] graceful shutdown started 
2018-12-15 11:40:17: (server.c.2029) server stopped by UID = 0 PID = 0 
2018-12-15 11:40:26: (server.c.1436) server started (lighttpd/1.4.51) 
2018-12-15 11:40:27: (mod_fastcgi.c.438) FastCGI-stderr: PHP Notice:  session_start(): A session had already been started - ignoring in /home/reimu/acads/cs165/phase5/web/www/auth.php on line 22
2018-12-15 11:43:44: (mod_fastcgi.c.438) FastCGI-stderr: PHP Notice:  session_start(): A session had already been started - ignoring in /home/reimu/acads/cs165/phase5/web/www/auth.php on line 22
2018-12-15 11:46:21: (mod_fastcgi.c.438) FastCGI-stderr: PHP Notice:  session_start(): A session had already been started - ignoring in /home/reimu/acads/cs165/phase5/web/www/auth.php on line 22
2018-12-15 11:48:52: (server.c.950) [note] graceful shutdown started 
2018-12-15 11:48:52: (server.c.2029) server stopped by UID = 0 PID = 0 
2018-12-15 11:49:00: (server.c.1436) server started (lighttpd/1.4.51) 
2018-12-15 11:49:28: (server.c.950) [note] graceful shutdown started 
2018-12-15 11:49:28: (server.c.2029) server stopped by UID = 0 PID = 0 
2018-12-15 11:49:36: (server.c.1436) server started (lighttpd/1.4.51) 
2018-12-15 11:49:42: (mod_fastcgi.c.438) FastCGI-stderr: PHP Notice:  session_start(): A session had already been started - ignoring in /home/reimu/acads/cs165/phase5/web/www/auth.php on line 22
2018-12-15 11:52:16: (server.c.950) [note] graceful shutdown started 
2018-12-15 11:52:16: (server.c.2029) server stopped by UID = 0 PID = 0 
2018-12-15 11:52:24: (server.c.1436) server started (lighttpd/1.4.51) 
2018-12-15 11:55:38: (server.c.1436) server started (lighttpd/1.4.51) 
2018-12-15 11:55:40: (server.c.950) [note] graceful shutdown started 
2018-12-15 11:55:40: (server.c.2029) server stopped by UID = 0 PID = 0 
2018-12-15 11:55:57: (server.c.1436) server started (lighttpd/1.4.51) 
2018-12-15 11:55:59: (server.c.950) [note] graceful shutdown started 
2018-12-15 11:55:59: (server.c.2029) server stopped by UID = 0 PID = 0 
2018-12-15 11:56:11: (server.c.1436) server started (lighttpd/1.4.51) 
2018-12-15 11:56:16: (mod_fastcgi.c.438) FastCGI-stderr: PHP Notice:  Undefined index: email in /home/reimu/acads/cs165/phase5/web/www/home.php on line 55
2018-12-15 11:56:16: (mod_fastcgi.c.438) FastCGI-stderr: PHP Notice:  Undefined index: id in /home/reimu/acads/cs165/phase5/web/www/user_info.php on line 43
2018-12-15 11:56:16: (mod_fastcgi.c.438) FastCGI-stderr: PHP Notice:  Undefined index: id in /home/reimu/acads/cs165/phase5/web/www/user_info.php on line 57
2018-12-15 11:56:16: (mod_fastcgi.c.438) FastCGI-stderr: PHP Notice:  Undefined index: id in /home/reimu/acads/cs165/phase5/web/www/user_info.php on line 77
2018-12-15 11:56:34: (mod_fastcgi.c.438) FastCGI-stderr: PHP Notice:  session_start(): A session had already been started - ignoring in /home/reimu/acads/cs165/phase5/web/www/auth.php on line 22
2018-12-15 11:59:39: (server.c.1731) logfiles cycled UID = 1000 PID = 5928 
2018-12-15 11:59:39: (server.c.1731) logfiles cycled UID = 0 PID = 0 
